<?xml version="1.0" encoding="UTF-8"?>
<!-- Generated by org.testng.reporters.JUnitReportReporter -->
<testsuite hostname="LAPTOP-56RKM2TR" failures="0" tests="1" name="AutomationPom.ProjectJenkin.FirstTest1" time="5.748" errors="0" timestamp="16 Sep 2022 06:13:36 GMT" skipped="0">
  <testcase classname="AutomationPom.ProjectJenkin.FirstTest1" name="FirstTest" time="5.748"/>
</testsuite> <!-- AutomationPom.ProjectJenkin.FirstTest1 -->
